<?xml version="1.0" encoding="UTF-8"?>
<testsuite xmlns:xsi="http://www.w3.org/2001/XMLSchema-instance" xsi:noNamespaceSchemaLocation="https://maven.apache.org/surefire/maven-surefire-plugin/xsd/surefire-test-report.xsd" name="KnivesTest" time="72.845" tests="5" errors="0" skipped="0" failures="0">
  <properties>
[...]
</properties>
  <testcase name="deleteItemFromCart" classname="KnivesTest" time="18.016"/>
  <testcase name="buySeveralKnives" classname="KnivesTest" time="17.164"/>
  <testcase name="clickInCardButton" classname="KnivesTest" time="11.825"/>
  <testcase name="byKnifeByName" classname="KnivesTest" time="10.856"/>
  <testcase name="buySingleKnife" classname="KnivesTest" time="14.883"/>
</testsuite>